-------------------------------------------------------------------------------
Test set: com.groupI.fitness.CafeJavaApplicationTests
-------------------------------------------------------------------------------
Tests run: 1, Failures: 0, Errors: 1, Skipped: 0, Time elapsed: 4.102 s <<< FAILURE! - in com.groupI.fitness.CafeJavaApplicationTests
contextLoads  Time elapsed: 0.001 s  <<< ERROR!
java.lang.IllegalStateException: Failed to load ApplicationContext
Caused by: org.springframework.beans.factory.UnsatisfiedDependencyException: Error creating bean with name 'cartController': Unsatisfied dependency expressed through field 'cartService'; nested exception is org.springframework.beans.factory.UnsatisfiedDependencyException: Error creating bean with name 'cartServiceImpl': Unsatisfied dependency expressed through field 'cartMapper'; nested exception is org.springframework.beans.factory.BeanCreationException: Error creating bean with name 'cartMapper' defined in file [D:\xianzai\JavaProjects\FitnessSystem\fitness-java\target\classes\com\groupI\fitness\mapper\CartMapper.class]: Invocation of init method failed; nested exception is java.lang.IllegalArgumentException: org.apache.ibatis.builder.BuilderException: Error parsing Mapper XML. The XML location is 'com/groupI/fitness/mapper/CartMapper.xml'. Cause: org.apache.ibatis.builder.BuilderException: Error resolving class. Cause: org.apache.ibatis.type.TypeException: Could not resolve type alias 'Cart'.  Cause: java.lang.ClassNotFoundException: Cannot find class: Cart
Caused by: org.springframework.beans.factory.UnsatisfiedDependencyException: Error creating bean with name 'cartServiceImpl': Unsatisfied dependency expressed through field 'cartMapper'; nested exception is org.springframework.beans.factory.BeanCreationException: Error creating bean with name 'cartMapper' defined in file [D:\xianzai\JavaProjects\FitnessSystem\fitness-java\target\classes\com\groupI\fitness\mapper\CartMapper.class]: Invocation of init method failed; nested exception is java.lang.IllegalArgumentException: org.apache.ibatis.builder.BuilderException: Error parsing Mapper XML. The XML location is 'com/groupI/fitness/mapper/CartMapper.xml'. Cause: org.apache.ibatis.builder.BuilderException: Error resolving class. Cause: org.apache.ibatis.type.TypeException: Could not resolve type alias 'Cart'.  Cause: java.lang.ClassNotFoundException: Cannot find class: Cart
Caused by: org.springframework.beans.factory.BeanCreationException: Error creating bean with name 'cartMapper' defined in file [D:\xianzai\JavaProjects\FitnessSystem\fitness-java\target\classes\com\groupI\fitness\mapper\CartMapper.class]: Invocation of init method failed; nested exception is java.lang.IllegalArgumentException: org.apache.ibatis.builder.BuilderException: Error parsing Mapper XML. The XML location is 'com/groupI/fitness/mapper/CartMapper.xml'. Cause: org.apache.ibatis.builder.BuilderException: Error resolving class. Cause: org.apache.ibatis.type.TypeException: Could not resolve type alias 'Cart'.  Cause: java.lang.ClassNotFoundException: Cannot find class: Cart
Caused by: java.lang.IllegalArgumentException: org.apache.ibatis.builder.BuilderException: Error parsing Mapper XML. The XML location is 'com/groupI/fitness/mapper/CartMapper.xml'. Cause: org.apache.ibatis.builder.BuilderException: Error resolving class. Cause: org.apache.ibatis.type.TypeException: Could not resolve type alias 'Cart'.  Cause: java.lang.ClassNotFoundException: Cannot find class: Cart
Caused by: org.apache.ibatis.builder.BuilderException: Error parsing Mapper XML. The XML location is 'com/groupI/fitness/mapper/CartMapper.xml'. Cause: org.apache.ibatis.builder.BuilderException: Error resolving class. Cause: org.apache.ibatis.type.TypeException: Could not resolve type alias 'Cart'.  Cause: java.lang.ClassNotFoundException: Cannot find class: Cart
Caused by: org.apache.ibatis.builder.BuilderException: Error resolving class. Cause: org.apache.ibatis.type.TypeException: Could not resolve type alias 'Cart'.  Cause: java.lang.ClassNotFoundException: Cannot find class: Cart
Caused by: org.apache.ibatis.type.TypeException: Could not resolve type alias 'Cart'.  Cause: java.lang.ClassNotFoundException: Cannot find class: Cart
Caused by: java.lang.ClassNotFoundException: Cannot find class: Cart

